Buildfile: /home/hessahalkaoud/github/Quality-of-Test-suites-for-TDD-applications/source_code/TDD/junit-r4.11/build.xml

test2:
    [junit] Running org.junit.internal.MethodSorterTest
    [junit] Tests run: 6, Failures: 0, Errors: 0, Time elapsed: 0.025 sec
    [junit] Running org.junit.tests.ObjectContractTest
    [junit] Tests run: 2, Failures: 0, Errors: 0, Time elapsed: 0.03 sec
    [junit] Running org.junit.tests.deprecated.JUnit4ClassRunnerTest
    [junit] Tests run: 2, Failures: 0, Errors: 0, Time elapsed: 0.028 sec
    [junit] Running org.junit.tests.description.AnnotatedDescriptionTest
    [junit] Tests run: 6, Failures: 0, Errors: 0, Time elapsed: 0.012 sec
    [junit] Running org.junit.tests.experimental.MatcherTest
    [junit] Tests run: 1, Failures: 0, Errors: 0, Time elapsed: 0.014 sec
    [junit] Running org.junit.tests.experimental.parallel.ParallelClassTest
    [junit] Tests run: 1, Failures: 0, Errors: 0, Time elapsed: 0.012 sec
    [junit] Running org.junit.tests.experimental.parallel.ParallelMethodTest
    [junit] Tests run: 1, Failures: 0, Errors: 0, Time elapsed: 0.005 sec
    [junit] Running org.junit.tests.experimental.results.ResultMatchersTest
    [junit] Tests run: 1, Failures: 0, Errors: 0, Time elapsed: 0.001 sec
    [junit] Running org.junit.tests.experimental.rules.ExternalResourceRuleTest
    [junit] Tests run: 1, Failures: 0, Errors: 0, Time elapsed: 0.004 sec
    [junit] Running org.junit.tests.experimental.rules.NameRulesTest
    [junit] Tests run: 3, Failures: 0, Errors: 0, Time elapsed: 0.004 sec
    [junit] Running org.junit.tests.experimental.rules.TimeoutRuleTest
    [junit] Tests run: 0, Failures: 0, Errors: 0, Time elapsed: 0.001 sec
    [junit] Running org.junit.tests.experimental.theories.AllMembersSupplierTest
    [junit] Tests run: 1, Failures: 0, Errors: 0, Time elapsed: 0.001 sec
    [junit] Running org.junit.tests.experimental.theories.runner.TheoriesPerformanceTest
    [junit] Tests run: 1, Failures: 0, Errors: 0, Time elapsed: 0.001 sec
    [junit] Running org.junit.tests.junit3compatibility.ClassRequestTest
    [junit] Tests run: 1, Failures: 0, Errors: 0, Time elapsed: 0.001 sec
    [junit] Running org.junit.tests.junit3compatibility.ForwardCompatibilityPrintingTest
    [junit] Tests run: 2, Failures: 0, Errors: 0, Time elapsed: 0.005 sec
    [junit] Running org.junit.tests.junit3compatibility.ForwardCompatibilityTest
    [junit] Tests run: 12, Failures: 0, Errors: 0, Time elapsed: 0.012 sec
    [junit] Running org.junit.tests.junit3compatibility.InitializationErrorForwardCompatibilityTest
    [junit] Tests run: 3, Failures: 0, Errors: 0, Time elapsed: 0.004 sec
    [junit] Running org.junit.tests.junit3compatibility.JUnit38ClassRunnerTest
    [junit] Tests run: 4, Failures: 0, Errors: 0, Time elapsed: 0.007 sec
    [junit] Running org.junit.tests.junit3compatibility.OldTestClassAdaptingListenerTest
    [junit] Tests run: 1, Failures: 0, Errors: 0, Time elapsed: 0.001 sec
    [junit] Running org.junit.tests.junit3compatibility.SuiteMethodTest
    [junit] Tests run: 5, Failures: 0, Errors: 0, Time elapsed: 0.008 sec
    [junit] Running org.junit.tests.listening.ListenerTest
    [junit] Tests run: 1, Failures: 0, Errors: 0, Time elapsed: 0.002 sec
    [junit] Running org.junit.tests.listening.RunnerTest
    [junit] Tests run: 3, Failures: 0, Errors: 0, Time elapsed: 0.004 sec
    [junit] Running org.junit.tests.listening.TestListenerTest
    [junit] Tests run: 3, Failures: 0, Errors: 0, Time elapsed: 0.004 sec
    [junit] Running org.junit.tests.listening.TextListenerTest
    [junit] Tests run: 3, Failures: 0, Errors: 0, Time elapsed: 0.007 sec
    [junit] Running org.junit.tests.listening.UserStopTest
    [junit] Tests run: 2, Failures: 0, Errors: 0, Time elapsed: 0.002 sec
    [junit] Running org.junit.tests.manipulation.FilterableTest
    [junit] Tests run: 1, Failures: 0, Errors: 0, Time elapsed: 0.02 sec
    [junit] Running org.junit.tests.manipulation.SingleMethodTest
    [junit] Tests run: 8, Failures: 0, Errors: 0, Time elapsed: 0.02 sec
    [junit] Running org.junit.tests.manipulation.SortableTest
    [junit] Tests run: 7, Failures: 0, Errors: 0, Time elapsed: 0.025 sec
    [junit] Running org.junit.tests.running.classes.EnclosedTest
    [junit] Tests run: 3, Failures: 0, Errors: 0, Time elapsed: 0.013 sec
    [junit] Running org.junit.tests.running.classes.IgnoreClassTest
    [junit] Tests run: 1, Failures: 0, Errors: 0, Time elapsed: 0.001 sec
    [junit] Running org.junit.tests.running.classes.RunWithTest
    [junit] Tests run: 3, Failures: 0, Errors: 0, Time elapsed: 0.005 sec
    [junit] Running org.junit.tests.running.classes.SuiteTest
    [junit] Tests run: 13, Failures: 0, Errors: 0, Time elapsed: 0.026 sec
    [junit] Running org.junit.tests.running.classes.UseSuiteAsASuperclassTest
    [junit] Tests run: 1, Failures: 0, Errors: 0, Time elapsed: 0.003 sec
    [junit] Running org.junit.tests.running.methods.ExpectedTest
    [junit] Tests run: 4, Failures: 0, Errors: 0, Time elapsed: 0.005 sec
    [junit] Running org.junit.tests.running.methods.InheritedTestTest
    [junit] Tests run: 2, Failures: 0, Errors: 0, Time elapsed: 0.003 sec
    [junit] Running org.junit.tests.running.methods.ParameterizedTestMethodTest
    [junit] Tests run: 3, Failures: 0, Errors: 0, Time elapsed: 0.005 sec
    [junit] Running org.junit.tests.running.methods.TestMethodTest
    [junit] Tests run: 8, Failures: 0, Errors: 0, Time elapsed: 0.012 sec
    [junit] Running org.junit.tests.validation.BadlyFormedClassesTest
    [junit] Tests run: 3, Failures: 0, Errors: 0, Time elapsed: 0.012 sec
    [junit] Running org.junit.tests.validation.FailedConstructionTest
    [junit] Tests run: 1, Failures: 0, Errors: 0, Time elapsed: 0.001 sec
    [junit] Running org.junit.tests.validation.InaccessibleBaseClassTest
    [junit] Tests run: 1, Failures: 0, Errors: 0, Time elapsed: 0.001 sec
    [junit] Running org.junit.tests.validation.ValidationTest
    [junit] Tests run: 2, Failures: 0, Errors: 0, Time elapsed: 0.003 sec

BUILD SUCCESSFUL
Total time: 1 second
